#
# There is insufficient memory for the Java Runtime Environment to continue.
# Cannot create worker GC thread. Out of system resources.
# Possible reasons:
#   The system is out of physical RAM or swap space
#   The process is running with CompressedOops enabled, and the Java Heap may be blocking the growth of the native heap
# Possible solutions:
#   Reduce memory load on the system
#   Increase physical memory or swap space
#   Check if swap backing store is full
#   Decrease Java heap size (-Xmx/-Xms)
#   Decrease number of Java threads
#   Decrease Java thread stack sizes (-Xss)
#   Set larger code cache with -XX:ReservedCodeCacheSize=
#   JVM is running with Zero Based Compressed Oops mode in which the Java heap is
#     placed in the first 32GB address space. The Java Heap base address is the
#     maximum limit for the native heap growth. Please use -XX:HeapBaseMinAddress
#     to set the Java Heap base and to place the Java Heap above 32GB virtual address.
# This output file may be truncated or incomplete.
#
#  Out of Memory Error (workerManager.hpp:87), pid=6610, tid=6615
#
# JRE version:  (17.0.8+7) (build )
# Java VM: OpenJDK 64-Bit Server VM (17.0.8+7, mixed mode, sharing, tiered, compressed oops, compressed class ptrs, g1 gc, linux-amd64)
# No core dump will be written. Core dumps have been disabled. To enable core dumping, try "ulimit -c unlimited" before starting Java again
#

---------------  S U M M A R Y ------------

Command Line: -Xmx3489m -Dorg.gradle.appname=basename org.gradle.wrapper.GradleWrapperMain

Host: AMD EPYC 7B13, 16 cores, 62G, Ubuntu 22.04.3 LTS
Time: Thu Dec 28 05:02:36 2023 UTC elapsed time: 0.003067 seconds (0d 0h 0m 0s)

---------------  T H R E A D  ---------------

Current thread (0x00007f89780253f0):  JavaThread "Unknown thread" [_thread_in_vm, id=6615, stack(0x00007f897eb7a000,0x00007f897ec7a000)]

Stack: [0x00007f897eb7a000,0x00007f897ec7a000],  sp=0x00007f897ec785a0,  free space=1017k
Native frames: (J=compiled Java code, j=interpreted, Vv=VM code, C=native code)
V  [libjvm.so+0xee4991]  VMError::report_and_die(int, char const*, char const*, __va_list_tag*, Thread*, unsigned char*, void*, void*, char const*, int, unsigned long)+0x1a1
V  [libjvm.so+0xee555d]  VMError::report_and_die(Thread*, char const*, int, unsigned long, VMErrorType, char const*, __va_list_tag*)+0x2d
V  [libjvm.so+0x60a69c]  report_vm_out_of_memory(char const*, int, unsigned long, VMErrorType, char const*, ...)+0xdc
V  [libjvm.so+0xf1836f]  WorkerManager::add_workers(WorkGang*, unsigned int, unsigned int, unsigned int, os::ThreadType, bool)+0x18f
V  [libjvm.so+0xf1850a]  WorkGang::initialize_workers()+0x4a
V  [libjvm.so+0x6f0ee1]  G1CollectedHeap::initialize()+0x6c1
V  [libjvm.so+0xe93592]  universe_init()+0xd2
V  [libjvm.so+0x7fd387]  init_globals()+0x37
V  [libjvm.so+0xe6a9d7]  Threads::create_vm(JavaVMInitArgs*, bool*)+0x387
V  [libjvm.so+0x8bbe82]  JNI_CreateJavaVM+0x52
C  [libjli.so+0x4a0f]  JavaMain+0x8f
C  [libjli.so+0x8d09]  ThreadJavaMain+0x9


---------------  P R O C E S S  ---------------

Threads class SMR info:
_java_thread_list=0x00007f89800a5a80, length=0, elements={
}

Java Threads: ( => current thread )

Other Threads:

[error occurred during error reporting (printing all threads), id 0xb, SIGSEGV (0xb) at pc=0x00007f897f463710]

VM state: not at safepoint (not fully initialized)

VM Mutex/Monitor currently owned by a thread:  ([mutex/lock_event])
[0x00007f8978022d40] Heap_lock - owner thread: 0x00007f89780253f0

Heap address: 0x0000000725e00000, size: 3490 MB, Compressed Oops mode: Zero based, Oop shift amount: 3

CDS archive(s) mapped at: [0x0000000000000000-0x0000000000000000-0x0000000000000000), size 0, SharedBaseAddress: 0x0000000800000000, ArchiveRelocationMode: 1.
Narrow klass base: 0x0000000000000000, Narrow klass shift: 0, Narrow klass range: 0x0

GC Precious Log:
<Empty>

Heap:
 garbage-first heap   total 0K, used 0K [0x0000000725e00000, 0x0000000800000000)
  region size 2048K, 0 young (0K), 0 survivors (0K)

[error occurred during error reporting (printing heap information), id 0xb, SIGSEGV (0xb) at pc=0x00007f897fa27a1a]

GC Heap History (0 events):
No events

Dll operation events (1 events):
Event: 0.001 Loaded shared library /home/gitpod/.sdkman/candidates/java/17.0.8-tem/lib/libjava.so

Deoptimization events (0 events):
No events

Classes unloaded (0 events):
No events

Classes redefined (0 events):
No events

Internal exceptions (0 events):
No events

VM Operations (0 events):
No events

Events (1 events):
Event: 0.001 Protecting memory [0x00007f897eb7a000,0x00007f897eb7e000] with protection modes 0


Dynamic libraries:
725e00000-800000000 ---p 00000000 00:00 0 
55fe3aebb000-55fe3aebc000 r--p 00000000 fd:00 640880531                  /run/containerd/io.containerd.runtime.v2.task/k8s.io/ab91de900a21fbb0b33bcc16b571f450cf38e8f3d8079a7fb93a2813663a25ff/rootfs/home/gitpod/.sdkman/candidates/java/17.0.8-tem/bin/java
55fe3aebc000-55fe3aebd000 r-xp 00001000 fd:00 640880531                  /run/containerd/io.containerd.runtime.v2.task/k8s.io/ab91de900a21fbb0b33bcc16b571f450cf38e8f3d8079a7fb93a2813663a25ff/rootfs/home/gitpod/.sdkman/candidates/java/17.0.8-tem/bin/java
55fe3aebd000-55fe3aebe000 r--p 00002000 fd:00 640880531                  /run/containerd/io.containerd.runtime.v2.task/k8s.io/ab91de900a21fbb0b33bcc16b571f450cf38e8f3d8079a7fb93a2813663a25ff/rootfs/home/gitpod/.sdkman/candidates/java/17.0.8-tem/bin/java
55fe3aebe000-55fe3aebf000 r--p 00002000 fd:00 640880531                  /run/containerd/io.containerd.runtime.v2.task/k8s.io/ab91de900a21fbb0b33bcc16b571f450cf38e8f3d8079a7fb93a2813663a25ff/rootfs/home/gitpod/.sdkman/candidates/java/17.0.8-tem/bin/java
55fe3aebf000-55fe3aec0000 rw-p 00003000 fd:00 640880531                  /run/containerd/io.containerd.runtime.v2.task/k8s.io/ab91de900a21fbb0b33bcc16b571f450cf38e8f3d8079a7fb93a2813663a25ff/rootfs/home/gitpod/.sdkman/candidates/java/17.0.8-tem/bin/java
55fe3cbb2000-55fe3cbfa000 rw-p 00000000 00:00 0                          [heap]
7f895a752000-7f8961462000 ---p 00000000 00:00 0 
7f8961462000-7f89616d2000 rwxp 00000000 00:00 0 
7f89616d2000-7f89688c1000 ---p 00000000 00:00 0 
7f89688c1000-7f8968b31000 rwxp 00000000 00:00 0 
7f8968b31000-7f8969002000 ---p 00000000 00:00 0 
7f8969002000-7f8969272000 rwxp 00000000 00:00 0 
7f8969272000-7f8970462000 ---p 00000000 00:00 0 
7f8970462000-7f8978000000 r--s 00000000 fd:00 1327477738                 /run/containerd/io.containerd.runtime.v2.task/k8s.io/ab91de900a21fbb0b33bcc16b571f450cf38e8f3d8079a7fb93a2813663a25ff/rootfs/home/gitpod/.sdkman/candidates/java/17.0.8-tem/lib/modules
7f8978000000-7f8978094000 rw-p 00000000 00:00 0 
7f8978094000-7f897c000000 ---p 00000000 00:00 0 
7f897c238000-7f897c626000 rw-p 00000000 00:00 0 
7f897c626000-7f897c627000 ---p 00000000 00:00 0 
7f897c627000-7f897c7d0000 rw-p 00000000 00:00 0 
7f897c7d0000-7f897dc43000 ---p 00000000 00:00 0 
7f897dc43000-7f897e955000 rw-p 00000000 00:00 0 
7f897e955000-7f897ea39000 ---p 00000000 00:00 0 
7f897ea39000-7f897ea3e000 rw-p 00000000 00:00 0 
7f897ea3e000-7f897eb22000 ---p 00000000 00:00 0 
7f897eb22000-7f897eb27000 rw-p 00000000 00:00 0 
7f897eb27000-7f897eb31000 ---p 00000000 00:00 0 
7f897eb31000-7f897eb3e000 r--p 00000000 fd:00 1327477714                 /run/containerd/io.containerd.runtime.v2.task/k8s.io/ab91de900a21fbb0b33bcc16b571f450cf38e8f3d8079a7fb93a2813663a25ff/rootfs/home/gitpod/.sdkman/candidates/java/17.0.8-tem/lib/libjava.so
7f897eb3e000-7f897eb50000 r-xp 0000d000 fd:00 1327477714                 /run/containerd/io.containerd.runtime.v2.task/k8s.io/ab91de900a21fbb0b33bcc16b571f450cf38e8f3d8079a7fb93a2813663a25ff/rootfs/home/gitpod/.sdkman/candidates/java/17.0.8-tem/lib/libjava.so
7f897eb50000-7f897eb56000 r--p 0001f000 fd:00 1327477714                 /run/containerd/io.containerd.runtime.v2.task/k8s.io/ab91de900a21fbb0b33bcc16b571f450cf38e8f3d8079a7fb93a2813663a25ff/rootfs/home/gitpod/.sdkman/candidates/java/17.0.8-tem/lib/libjava.so
7f897eb56000-7f897eb57000 ---p 00025000 fd:00 1327477714                 /run/containerd/io.containerd.runtime.v2.task/k8s.io/ab91de900a21fbb0b33bcc16b571f450cf38e8f3d8079a7fb93a2813663a25ff/rootfs/home/gitpod/.sdkman/candidates/java/17.0.8-tem/lib/libjava.so
7f897eb57000-7f897eb58000 r--p 00025000 fd:00 1327477714                 /run/containerd/io.containerd.runtime.v2.task/k8s.io/ab91de900a21fbb0b33bcc16b571f450cf38e8f3d8079a7fb93a2813663a25ff/rootfs/home/gitpod/.sdkman/candidates/java/17.0.8-tem/lib/libjava.so
7f897eb58000-7f897eb59000 rw-p 00026000 fd:00 1327477714                 /run/containerd/io.containerd.runtime.v2.task/k8s.io/ab91de900a21fbb0b33bcc16b571f450cf38e8f3d8079a7fb93a2813663a25ff/rootfs/home/gitpod/.sdkman/candidates/java/17.0.8-tem/lib/libjava.so
7f897eb59000-7f897eb5a000 rw-p 00000000 00:00 0 
7f897eb5a000-7f897eb5e000 r--p 00000000 fd:00 1327477718                 /run/containerd/io.containerd.runtime.v2.task/k8s.io/ab91de900a21fbb0b33bcc16b571f450cf38e8f3d8079a7fb93a2813663a25ff/rootfs/home/gitpod/.sdkman/candidates/java/17.0.8-tem/lib/libjimage.so
7f897eb5e000-7f897eb71000 r-xp 00004000 fd:00 1327477718                 /run/containerd/io.containerd.runtime.v2.task/k8s.io/ab91de900a21fbb0b33bcc16b571f450cf38e8f3d8079a7fb93a2813663a25ff/rootfs/home/gitpod/.sdkman/candidates/java/17.0.8-tem/lib/libjimage.so
7f897eb71000-7f897eb77000 r--p 00017000 fd:00 1327477718                 /run/containerd/io.containerd.runtime.v2.task/k8s.io/ab91de900a21fbb0b33bcc16b571f450cf38e8f3d8079a7fb93a2813663a25ff/rootfs/home/gitpod/.sdkman/candidates/java/17.0.8-tem/lib/libjimage.so
7f897eb77000-7f897eb79000 r--p 0001c000 fd:00 1327477718                 /run/containerd/io.containerd.runtime.v2.task/k8s.io/ab91de900a21fbb0b33bcc16b571f450cf38e8f3d8079a7fb93a2813663a25ff/rootfs/home/gitpod/.sdkman/candidates/java/17.0.8-tem/lib/libjimage.so
7f897eb79000-7f897eb7a000 rw-p 0001e000 fd:00 1327477718                 /run/containerd/io.containerd.runtime.v2.task/k8s.io/ab91de900a21fbb0b33bcc16b571f450cf38e8f3d8079a7fb93a2813663a25ff/rootfs/home/gitpod/.sdkman/candidates/java/17.0.8-tem/lib/libjimage.so
7f897eb7a000-7f897eb7e000 ---p 00000000 00:00 0 
7f897eb7e000-7f897ec7a000 rw-p 00000000 00:00 0 
7f897ec7a000-7f897ec88000 r--p 00000000 fd:00 2996948797                 /run/containerd/io.containerd.runtime.v2.task/k8s.io/ab91de900a21fbb0b33bcc16b571f450cf38e8f3d8079a7fb93a2813663a25ff/rootfs/usr/lib/x86_64-linux-gnu/libm.so.6
7f897ec88000-7f897ed04000 r-xp 0000e000 fd:00 2996948797                 /run/containerd/io.containerd.runtime.v2.task/k8s.io/ab91de900a21fbb0b33bcc16b571f450cf38e8f3d8079a7fb93a2813663a25ff/rootfs/usr/lib/x86_64-linux-gnu/libm.so.6
7f897ed04000-7f897ed5f000 r--p 0008a000 fd:00 2996948797                 /run/containerd/io.containerd.runtime.v2.task/k8s.io/ab91de900a21fbb0b33bcc16b571f450cf38e8f3d8079a7fb93a2813663a25ff/rootfs/usr/lib/x86_64-linux-gnu/libm.so.6
7f897ed5f000-7f897ed60000 r--p 000e4000 fd:00 2996948797                 /run/containerd/io.containerd.runtime.v2.task/k8s.io/ab91de900a21fbb0b33bcc16b571f450cf38e8f3d8079a7fb93a2813663a25ff/rootfs/usr/lib/x86_64-linux-gnu/libm.so.6
7f897ed60000-7f897ed61000 rw-p 000e5000 fd:00 2996948797                 /run/containerd/io.containerd.runtime.v2.task/k8s.io/ab91de900a21fbb0b33bcc16b571f450cf38e8f3d8079a7fb93a2813663a25ff/rootfs/usr/lib/x86_64-linux-gnu/libm.so.6
7f897ed61000-7f897ed62000 r--p 00000000 fd:00 2996678092                 /run/containerd/io.containerd.runtime.v2.task/k8s.io/ab91de900a21fbb0b33bcc16b571f450cf38e8f3d8079a7fb93a2813663a25ff/rootfs/usr/lib/x86_64-linux-gnu/librt.so.1
7f897ed62000-7f897ed63000 r-xp 00001000 fd:00 2996678092                 /run/containerd/io.containerd.runtime.v2.task/k8s.io/ab91de900a21fbb0b33bcc16b571f450cf38e8f3d8079a7fb93a2813663a25ff/rootfs/usr/lib/x86_64-linux-gnu/librt.so.1
7f897ed63000-7f897ed64000 r--p 00002000 fd:00 2996678092                 /run/containerd/io.containerd.runtime.v2.task/k8s.io/ab91de900a21fbb0b33bcc16b571f450cf38e8f3d8079a7fb93a2813663a25ff/rootfs/usr/lib/x86_64-linux-gnu/librt.so.1
7f897ed64000-7f897ed65000 r--p 00002000 fd:00 2996678092                 /run/containerd/io.containerd.runtime.v2.task/k8s.io/ab91de900a21fbb0b33bcc16b571f450cf38e8f3d8079a7fb93a2813663a25ff/rootfs/usr/lib/x86_64-linux-gnu/librt.so.1
7f897ed65000-7f897ed66000 rw-p 00003000 fd:00 2996678092                 /run/containerd/io.containerd.runtime.v2.task/k8s.io/ab91de900a21fbb0b33bcc16b571f450cf38e8f3d8079a7fb93a2813663a25ff/rootfs/usr/lib/x86_64-linux-gnu/librt.so.1
7f897ed66000-7f897efb9000 r--p 00000000 fd:00 1355511537                 /run/containerd/io.containerd.runtime.v2.task/k8s.io/ab91de900a21fbb0b33bcc16b571f450cf38e8f3d8079a7fb93a2813663a25ff/rootfs/home/gitpod/.sdkman/candidates/java/17.0.8-tem/lib/server/libjvm.so
7f897efb9000-7f897fcdb000 r-xp 00253000 fd:00 1355511537                 /run/containerd/io.containerd.runtime.v2.task/k8s.io/ab91de900a21fbb0b33bcc16b571f450cf38e8f3d8079a7fb93a2813663a25ff/rootfs/home/gitpod/.sdkman/candidates/java/17.0.8-tem/lib/server/libjvm.so
7f897fcdb000-7f897ff68000 r--p 00f75000 fd:00 1355511537                 /run/containerd/io.containerd.runtime.v2.task/k8s.io/ab91de900a21fbb0b33bcc16b571f450cf38e8f3d8079a7fb93a2813663a25ff/rootfs/home/gitpod/.sdkman/candidates/java/17.0.8-tem/lib/server/libjvm.so
7f897ff68000-7f8980021000 r--p 01201000 fd:00 1355511537                 /run/containerd/io.containerd.runtime.v2.task/k8s.io/ab91de900a21fbb0b33bcc16b571f450cf38e8f3d8079a7fb93a2813663a25ff/rootfs/home/gitpod/.sdkman/candidates/java/17.0.8-tem/lib/server/libjvm.so
7f8980021000-7f8980056000 rw-p 012ba000 fd:00 1355511537                 /run/containerd/io.containerd.runtime.v2.task/k8s.io/ab91de900a21fbb0b33bcc16b571f450cf38e8f3d8079a7fb93a2813663a25ff/rootfs/home/gitpod/.sdkman/candidates/java/17.0.8-tem/lib/server/libjvm.so
7f8980056000-7f89800b4000 rw-p 00000000 00:00 0 
7f89800b4000-7f89800dc000 r--p 00000000 fd:00 2996935652                 /run/containerd/io.containerd.runtime.v2.task/k8s.io/ab91de900a21fbb0b33bcc16b571f450cf38e8f3d8079a7fb93a2813663a25ff/rootfs/usr/lib/x86_64-linux-gnu/libc.so.6
7f89800dc000-7f8980271000 r-xp 00028000 fd:00 2996935652                 /run/containerd/io.containerd.runtime.v2.task/k8s.io/ab91de900a21fbb0b33bcc16b571f450cf38e8f3d8079a7fb93a2813663a25ff/rootfs/usr/lib/x86_64-linux-gnu/libc.so.6
7f8980271000-7f89802c9000 r--p 001bd000 fd:00 2996935652                 /run/containerd/io.containerd.runtime.v2.task/k8s.io/ab91de900a21fbb0b33bcc16b571f450cf38e8f3d8079a7fb93a2813663a25ff/rootfs/usr/lib/x86_64-linux-gnu/libc.so.6
7f89802c9000-7f89802cd000 r--p 00214000 fd:00 2996935652                 /run/containerd/io.containerd.runtime.v2.task/k8s.io/ab91de900a21fbb0b33bcc16b571f450cf38e8f3d8079a7fb93a2813663a25ff/rootfs/usr/lib/x86_64-linux-gnu/libc.so.6
7f89802cd000-7f89802cf000 rw-p 00218000 fd:00 2996935652                 /run/containerd/io.containerd.runtime.v2.task/k8s.io/ab91de900a21fbb0b33bcc16b571f450cf38e8f3d8079a7fb93a2813663a25ff/rootfs/usr/lib/x86_64-linux-gnu/libc.so.6
7f89802cf000-7f89802dc000 rw-p 00000000 00:00 0 
7f89802dc000-7f89802dd000 r--p 00000000 fd:00 2996935666                 /run/containerd/io.containerd.runtime.v2.task/k8s.io/ab91de900a21fbb0b33bcc16b571f450cf38e8f3d8079a7fb93a2813663a25ff/rootfs/usr/lib/x86_64-linux-gnu/libdl.so.2
7f89802dd000-7f89802de000 r-xp 00001000 fd:00 2996935666                 /run/containerd/io.containerd.runtime.v2.task/k8s.io/ab91de900a21fbb0b33bcc16b571f450cf38e8f3d8079a7fb93a2813663a25ff/rootfs/usr/lib/x86_64-linux-gnu/libdl.so.2
7f89802de000-7f89802df000 r--p 00002000 fd:00 2996935666                 /run/containerd/io.containerd.runtime.v2.task/k8s.io/ab91de900a21fbb0b33bcc16b571f450cf38e8f3d8079a7fb93a2813663a25ff/rootfs/usr/lib/x86_64-linux-gnu/libdl.so.2
7f89802df000-7f89802e0000 r--p 00002000 fd:00 2996935666                 /run/containerd/io.containerd.runtime.v2.task/k8s.io/ab91de900a21fbb0b33bcc16b571f450cf38e8f3d8079a7fb93a2813663a25ff/rootfs/usr/lib/x86_64-linux-gnu/libdl.so.2
7f89802e0000-7f89802e1000 rw-p 00003000 fd:00 2996935666                 /run/containerd/io.containerd.runtime.v2.task/k8s.io/ab91de900a21fbb0b33bcc16b571f450cf38e8f3d8079a7fb93a2813663a25ff/rootfs/usr/lib/x86_64-linux-gnu/libdl.so.2
7f89802e1000-7f89802e2000 r--p 00000000 fd:00 2996678090                 /run/containerd/io.containerd.runtime.v2.task/k8s.io/ab91de900a21fbb0b33bcc16b571f450cf38e8f3d8079a7fb93a2813663a25ff/rootfs/usr/lib/x86_64-linux-gnu/libpthread.so.0
7f89802e2000-7f89802e3000 r-xp 00001000 fd:00 2996678090                 /run/containerd/io.containerd.runtime.v2.task/k8s.io/ab91de900a21fbb0b33bcc16b571f450cf38e8f3d8079a7fb93a2813663a25ff/rootfs/usr/lib/x86_64-linux-gnu/libpthread.so.0
7f89802e3000-7f89802e4000 r--p 00002000 fd:00 2996678090                 /run/containerd/io.containerd.runtime.v2.task/k8s.io/ab91de900a21fbb0b33bcc16b571f450cf38e8f3d8079a7fb93a2813663a25ff/rootfs/usr/lib/x86_64-linux-gnu/libpthread.so.0
7f89802e4000-7f89802e5000 r--p 00002000 fd:00 2996678090                 /run/containerd/io.containerd.runtime.v2.task/k8s.io/ab91de900a21fbb0b33bcc16b571f450cf38e8f3d8079a7fb93a2813663a25ff/rootfs/usr/lib/x86_64-linux-gnu/libpthread.so.0
7f89802e5000-7f89802e6000 rw-p 00003000 fd:00 2996678090                 /run/containerd/io.containerd.runtime.v2.task/k8s.io/ab91de900a21fbb0b33bcc16b571f450cf38e8f3d8079a7fb93a2813663a25ff/rootfs/usr/lib/x86_64-linux-gnu/libpthread.so.0
7f89802e6000-7f89802e9000 r--p 00000000 fd:00 1327477719                 /run/containerd/io.containerd.runtime.v2.task/k8s.io/ab91de900a21fbb0b33bcc16b571f450cf38e8f3d8079a7fb93a2813663a25ff/rootfs/home/gitpod/.sdkman/candidates/java/17.0.8-tem/lib/libjli.so
7f89802e9000-7f89802f3000 r-xp 00003000 fd:00 1327477719                 /run/containerd/io.containerd.runtime.v2.task/k8s.io/ab91de900a21fbb0b33bcc16b571f450cf38e8f3d8079a7fb93a2813663a25ff/rootfs/home/gitpod/.sdkman/candidates/java/17.0.8-tem/lib/libjli.so
7f89802f3000-7f89802f6000 r--p 0000d000 fd:00 1327477719                 /run/containerd/io.containerd.runtime.v2.task/k8s.io/ab91de900a21fbb0b33bcc16b571f450cf38e8f3d8079a7fb93a2813663a25ff/rootfs/home/gitpod/.sdkman/candidates/java/17.0.8-tem/lib/libjli.so
7f89802f6000-7f89802f7000 ---p 00010000 fd:00 1327477719                 /run/containerd/io.containerd.runtime.v2.task/k8s.io/ab91de900a21fbb0b33bcc16b571f450cf38e8f3d8079a7fb93a2813663a25ff/rootfs/home/gitpod/.sdkman/candidates/java/17.0.8-tem/lib/libjli.so
7f89802f7000-7f89802f8000 r--p 00010000 fd:00 1327477719                 /run/containerd/io.containerd.runtime.v2.task/k8s.io/ab91de900a21fbb0b33bcc16b571f450cf38e8f3d8079a7fb93a2813663a25ff/rootfs/home/gitpod/.sdkman/candidates/java/17.0.8-tem/lib/libjli.so
7f89802f8000-7f89802f9000 rw-p 00011000 fd:00 1327477719                 /run/containerd/io.containerd.runtime.v2.task/k8s.io/ab91de900a21fbb0b33bcc16b571f450cf38e8f3d8079a7fb93a2813663a25ff/rootfs/home/gitpod/.sdkman/candidates/java/17.0.8-tem/lib/libjli.so
7f89802f9000-7f89802fb000 r--p 00000000 fd:00 2996673947                 /run/containerd/io.containerd.runtime.v2.task/k8s.io/ab91de900a21fbb0b33bcc16b571f450cf38e8f3d8079a7fb93a2813663a25ff/rootfs/usr/lib/x86_64-linux-gnu/libz.so.1.2.11
7f89802fb000-7f898030c000 r-xp 00002000 fd:00 2996673947                 /run/containerd/io.containerd.runtime.v2.task/k8s.io/ab91de900a21fbb0b33bcc16b571f450cf38e8f3d8079a7fb93a2813663a25ff/rootfs/usr/lib/x86_64-linux-gnu/libz.so.1.2.11
7f898030c000-7f8980312000 r--p 00013000 fd:00 2996673947                 /run/containerd/io.containerd.runtime.v2.task/k8s.io/ab91de900a21fbb0b33bcc16b571f450cf38e8f3d8079a7fb93a2813663a25ff/rootfs/usr/lib/x86_64-linux-gnu/libz.so.1.2.11
7f8980312000-7f8980313000 ---p 00019000 fd:00 2996673947                 /run/containerd/io.containerd.runtime.v2.task/k8s.io/ab91de900a21fbb0b33bcc16b571f450cf38e8f3d8079a7fb93a2813663a25ff/rootfs/usr/lib/x86_64-linux-gnu/libz.so.1.2.11
7f8980313000-7f8980314000 r--p 00019000 fd:00 2996673947                 /run/containerd/io.containerd.runtime.v2.task/k8s.io/ab91de900a21fbb0b33bcc16b571f450cf38e8f3d8079a7fb93a2813663a25ff/rootfs/usr/lib/x86_64-linux-gnu/libz.so.1.2.11
7f8980314000-7f8980315000 rw-p 0001a000 fd:00 2996673947                 /run/containerd/io.containerd.runtime.v2.task/k8s.io/ab91de900a21fbb0b33bcc16b571f450cf38e8f3d8079a7fb93a2813663a25ff/rootfs/usr/lib/x86_64-linux-gnu/libz.so.1.2.11
7f8980315000-7f898031d000 rw-s 00000000 00:1ab 8                         /tmp/hsperfdata_gitpod/6610
7f898031d000-7f898031e000 ---p 00000000 00:00 0 
7f898031e000-7f898031f000 r--p 00000000 00:00 0 
7f898031f000-7f8980321000 rw-p 00000000 00:00 0 
7f8980321000-7f8980323000 r--p 00000000 fd:00 2996935634                 /run/containerd/io.containerd.runtime.v2.task/k8s.io/ab91de900a21fbb0b33bcc16b571f450cf38e8f3d8079a7fb93a2813663a25ff/rootfs/usr/lib/x86_64-linux-gnu/ld-linux-x86-64.so.2
7f8980323000-7f898034d000 r-xp 00002000 fd:00 2996935634                 /run/containerd/io.containerd.runtime.v2.task/k8s.io/ab91de900a21fbb0b33bcc16b571f450cf38e8f3d8079a7fb93a2813663a25ff/rootfs/usr/lib/x86_64-linux-gnu/ld-linux-x86-64.so.2
7f898034d000-7f8980358000 r--p 0002c000 fd:00 2996935634                 /run/containerd/io.containerd.runtime.v2.task/k8s.io/ab91de900a21fbb0b33bcc16b571f450cf38e8f3d8079a7fb93a2813663a25ff/rootfs/usr/lib/x86_64-linux-gnu/ld-linux-x86-64.so.2
7f8980358000-7f8980359000 ---p 00000000 00:00 0 
7f8980359000-7f898035b000 r--p 00037000 fd:00 2996935634                 /run/containerd/io.containerd.runtime.v2.task/k8s.io/ab91de900a21fbb0b33bcc16b571f450cf38e8f3d8079a7fb93a2813663a25ff/rootfs/usr/lib/x86_64-linux-gnu/ld-linux-x86-64.so.2
7f898035b000-7f898035d000 rw-p 00039000 fd:00 2996935634                 /run/containerd/io.containerd.runtime.v2.task/k8s.io/ab91de900a21fbb0b33bcc16b571f450cf38e8f3d8079a7fb93a2813663a25ff/rootfs/usr/lib/x86_64-linux-gnu/ld-linux-x86-64.so.2
7fff2ae66000-7fff2ae88000 rw-p 00000000 00:00 0                          [stack]
7fff2afde000-7fff2afe2000 r--p 00000000 00:00 0                          [vvar]
7fff2afe2000-7fff2afe4000 r-xp 00000000 00:00 0                          [vdso]
ffffffffff600000-ffffffffff601000 --xp 00000000 00:00 0                  [vsyscall]


VM Arguments:
jvm_args: -Xmx3489m -Dorg.gradle.appname=basename 
java_command: org.gradle.wrapper.GradleWrapperMain
java_class_path (initial): pwd -P/gradle/wrapper/gradle-wrapper.jar
Launcher Type: SUN_STANDARD

[Global flags]
     intx CICompilerCount                          = 12                                        {product} {ergonomic}
     uint ConcGCThreads                            = 3                                         {product} {ergonomic}
     uint G1ConcRefinementThreads                  = 13                                        {product} {ergonomic}
   size_t G1HeapRegionSize                         = 2097152                                   {product} {ergonomic}
    uintx GCDrainStackTargetSize                   = 64                                        {product} {ergonomic}
   size_t InitialHeapSize                          = 1054867456                                {product} {ergonomic}
   size_t MarkStackSize                            = 4194304                                   {product} {ergonomic}
   size_t MaxHeapSize                              = 3659530240                                {product} {command line, ergonomic}
   size_t MinHeapDeltaBytes                        = 2097152                                   {product} {ergonomic}
   size_t MinHeapSize                              = 8388608                                   {product} {ergonomic}
    uintx NonNMethodCodeHeapSize                   = 7602480                                {pd product} {ergonomic}
    uintx NonProfiledCodeHeapSize                  = 122027880                              {pd product} {ergonomic}
    uintx ProfiledCodeHeapSize                     = 122027880                              {pd product} {ergonomic}
    uintx ReservedCodeCacheSize                    = 251658240                              {pd product} {ergonomic}
     bool SegmentedCodeCache                       = true                                      {product} {ergonomic}
   size_t SoftMaxHeapSize                          = 3659530240                             {manageable} {ergonomic}
     bool UseCompressedClassPointers               = true                           {product lp64_product} {ergonomic}
     bool UseCompressedOops                        = true                           {product lp64_product} {ergonomic}
     bool UseG1GC                                  = true                                      {product} {ergonomic}

Logging:
Log output configuration:
 #0: stdout all=warning uptime,level,tags
 #1: stderr all=off uptime,level,tags

Environment Variables:
JAVA_HOME=/home/gitpod/.sdkman/candidates/java/current
JAVA_TOOL_OPTIONS= -Xmx3489m
PATH=/home/gitpod/.sdkman/candidates/maven/current/bin:/home/gitpod/.sdkman/candidates/java/current/bin:/home/gitpod/.sdkman/candidates/gradle/current/bin:/workspace/.cargo/bin:/home/gitpod/.rvm/gems/ruby-3.2.2/bin:/home/gitpod/.rvm/gems/ruby-3.2.2@global/bin:/home/gitpod/.rvm/rubies/ruby-3.2.2/bin:/home/gitpod/.pyenv/shims:/workspace/go/bin:/home/gitpod/.nix-profile/bin:/ide/bin/remote-cli:/home/gitpod/go/bin:/home/gitpod/go-packages/bin:/home/gitpod/.nvm/versions/node/v20.10.0/bin:/home/gitpod/.yarn/bin:/home/gitpod/.pnpm:/home/gitpod/.pyenv/bin:/home/gitpod/.rvm/bin:/home/gitpod/.cargo/bin:/home/linuxbrew/.linuxbrew/bin:/home/linuxbrew/.linuxbrew/sbin/:/home/gitpod/.local/bin:/usr/games:/usr/local/sbin:/usr/local/bin:/usr/sbin:/usr/bin:/sbin:/bin:/home/gitpod/.nvm/versions/node/v20.10.0/bin:/home/gitpod/.rvm/bin
LANG=en_US.UTF-8
TERM=xterm-256color

Active Locale:
LC_ALL=C
LC_COLLATE=C
LC_CTYPE=C
LC_MESSAGES=C
LC_MONETARY=C
LC_NUMERIC=C
LC_TIME=C

Signal Handlers:
   SIGSEGV: crash_handler in libjvm.so, mask=11100100010111111101111111111110, flags=SA_RESTART|SA_SIGINFO, unblocked
    SIGBUS: crash_handler in libjvm.so, mask=11100100010111111101111111111110, flags=SA_RESTART|SA_SIGINFO, unblocked
    SIGFPE: crash_handler in libjvm.so, mask=11100100010111111101111111111110, flags=SA_RESTART|SA_SIGINFO, unblocked
   SIGPIPE: javaSignalHandler in libjvm.so, mask=11100100010111111101111111111110, flags=SA_RESTART|SA_SIGINFO, blocked
   SIGXFSZ: javaSignalHandler in libjvm.so, mask=11100100010111111101111111111110, flags=SA_RESTART|SA_SIGINFO, blocked
    SIGILL: crash_handler in libjvm.so, mask=11100100010111111101111111111110, flags=SA_RESTART|SA_SIGINFO, unblocked
   SIGUSR2: SR_handler in libjvm.so, mask=00000000000000000000000000000000, flags=SA_RESTART|SA_SIGINFO, blocked
    SIGHUP: SIG_DFL, mask=00000000000000000000000000000000, flags=none, blocked
    SIGINT: SIG_DFL, mask=00000000000000000000000000000000, flags=none, blocked
   SIGTERM: SIG_DFL, mask=00000000000000000000000000000000, flags=none, blocked
   SIGQUIT: UserHandler in libjvm.so, mask=11100100010111111101111111111110, flags=SA_RESTART|SA_SIGINFO, blocked
   SIGTRAP: crash_handler in libjvm.so, mask=11100100010111111101111111111110, flags=SA_RESTART|SA_SIGINFO, unblocked


---------------  S Y S T E M  ---------------

OS:
DISTRIB_ID=Ubuntu
DISTRIB_RELEASE=22.04
DISTRIB_CODENAME=jammy
DISTRIB_DESCRIPTION="Ubuntu 22.04.3 LTS"
uname: Linux 6.1.66-060166-generic #202312122204 SMP PREEMPT_DYNAMIC Tue Dec 12 22:43:56 UTC 2023 x86_64
OS uptime: 13 days 15:14 hours
libc: glibc 2.35 NPTL 2.35 
rlimit (soft/hard): STACK 8192k/infinity , CORE 0k/0k , NPROC infinity/infinity , NOFILE 1048576/1048576 , AS infinity/infinity , CPU infinity/infinity , DATA infinity/infinity , FSIZE infinity/infinity , MEMLOCK 8192k/8192k
load average: 5.46 5.18 4.31

/proc/meminfo:
MemTotal:       65841228 kB
MemFree:         2142812 kB
MemAvailable:   39507364 kB
Buffers:             204 kB
Cached:         34096912 kB
SwapCached:      2354544 kB
Active:         10702700 kB
Inactive:       42799596 kB
Active(anon):    2926688 kB
Inactive(anon): 16733088 kB
Active(file):    7776012 kB
Inactive(file): 26066508 kB
Unevictable:      105036 kB
Mlocked:          105036 kB
SwapTotal:      393215996 kB
SwapFree:       373755388 kB
Zswap:                 0 kB
Zswapped:              0 kB
Dirty:            166376 kB
Writeback:            32 kB
AnonPages:      18898340 kB
Mapped:          1908692 kB
Shmem:            249608 kB
KReclaimable:    4260592 kB
Slab:            7578668 kB
SReclaimable:    4260592 kB
SUnreclaim:      3318076 kB
KernelStack:      168400 kB
PageTables:       758756 kB
SecPageTables:         0 kB
NFS_Unstable:          0 kB
Bounce:                0 kB
WritebackTmp:          0 kB
CommitLimit:    426136608 kB
Committed_AS:   54224376 kB
VmallocTotal:   34359738367 kB
VmallocUsed:      351572 kB
VmallocChunk:          0 kB
Percpu:           225408 kB
HardwareCorrupted:     0 kB
AnonHugePages:      8192 kB
ShmemHugePages:        0 kB
ShmemPmdMapped:        0 kB
FileHugePages:         0 kB
FilePmdMapped:         0 kB
HugePages_Total:       0
HugePages_Free:        0
HugePages_Rsvd:        0
HugePages_Surp:        0
Hugepagesize:       2048 kB
Hugetlb:               0 kB
DirectMap4k:     1148852 kB
DirectMap2M:    54425600 kB
DirectMap1G:    13631488 kB

/sys/kernel/mm/transparent_hugepage/enabled: always [madvise] never
/sys/kernel/mm/transparent_hugepage/defrag (defrag/compaction efforts parameter): always defer defer+madvise [madvise] never

Process Memory:
Virtual Size: 4190496K (peak: 4190496K)
Resident Set Size: 18236K (peak: 18236K) (anon: 5980K, file: 12224K, shmem: 32K)
Swapped out: 0K
C-Heap outstanding allocations: 18137K, retained: 150K
glibc malloc tunables: (default)

/proc/sys/kernel/threads-max (system-wide limit on the number of threads): 513825
/proc/sys/vm/max_map_count (maximum number of memory map areas a process may have): 65530
/proc/sys/kernel/pid_max (system-wide limit on number of process identifiers): 4194304

container (cgroup) information:
container_type: cgroupv2
cpu_cpuset_cpus: not supported
cpu_memory_nodes: not supported
active_processor_count: 16
cpu_quota: no quota
cpu_period: 100000
cpu_shares: no shares
memory_limit_in_bytes: unlimited
memory_and_swap_limit_in_bytes: unlimited
memory_soft_limit_in_bytes: unlimited
memory_usage_in_bytes: 1853628 k
memory_max_usage_in_bytes: not supported
memory_swap_current_in_bytes: unlimited
memory_swap_max_limit_in_bytes: unlimited
maximum number of tasks: unlimited
current number of tasks: 6144

KVM virtualization detected
Steal ticks since vm start: 0
Steal ticks percentage since vm start:  0.000

CPU: total 16 (initial active 16) (16 cores per cpu, 2 threads per core) family 25 model 1 stepping 0 microcode 0xffffffff, cx8, cmov, fxsr, ht, mmx, 3dnowpref, sse, sse2, sse3, ssse3, sse4a, sse4.1, sse4.2, popcnt, lzcnt, tsc, tscinvbit, avx, avx2, aes, erms, clmul, bmi1, bmi2, adx, sha, fma, vzeroupper, clflush, clflushopt, hv
CPU Model and flags from /proc/cpuinfo:
model name	: AMD EPYC 7B13
flags		: fpu vme de pse tsc msr pae mce cx8 apic sep mtrr pge mca cmov pat pse36 clflush mmx fxsr sse sse2 ht syscall nx mmxext fxsr_opt pdpe1gb rdtscp lm constant_tsc rep_good nopl nonstop_tsc cpuid extd_apicid tsc_known_freq pni pclmulqdq ssse3 fma cx16 pcid sse4_1 sse4_2 movbe popcnt aes xsave avx f16c rdrand hypervisor lahf_lm cmp_legacy cr8_legacy abm sse4a misalignsse 3dnowprefetch osvw topoext invpcid_single ssbd ibrs ibpb stibp vmmcall fsgsbase tsc_adjust bmi1 avx2 smep bmi2 erms invpcid rdseed adx smap clflushopt clwb sha_ni xsaveopt xsavec xgetbv1 clzero xsaveerptr arat npt nrip_save umip vaes vpclmulqdq rdpid fsrm

Online cpus: 0-15
Offline cpus: 
BIOS frequency limitation: <Not Available>
Frequency switch latency (ns): <Not Available>
Available cpu frequencies: <Not Available>
Current governor: <Not Available>
Core performance/turbo boost: <Not Available>

Memory: 4k page, physical 65841228k(2142812k free), swap 393215996k(373755388k free)
Page Sizes: 4k

vm_info: OpenJDK 64-Bit Server VM (17.0.8+7) for linux-amd64 JRE (17.0.8+7), built on Jul 18 2023 00:00:00 by "admin" with gcc 10.3.0

END.
