#
# There is insufficient memory for the Java Runtime Environment to continue.
# Cannot create worker GC thread. Out of system resources.
# Possible reasons:
#   The system is out of physical RAM or swap space
#   The process is running with CompressedOops enabled, and the Java Heap may be blocking the growth of the native heap
# Possible solutions:
#   Reduce memory load on the system
#   Increase physical memory or swap space
#   Check if swap backing store is full
#   Decrease Java heap size (-Xmx/-Xms)
#   Decrease number of Java threads
#   Decrease Java thread stack sizes (-Xss)
#   Set larger code cache with -XX:ReservedCodeCacheSize=
#   JVM is running with Zero Based Compressed Oops mode in which the Java heap is
#     placed in the first 32GB address space. The Java Heap base address is the
#     maximum limit for the native heap growth. Please use -XX:HeapBaseMinAddress
#     to set the Java Heap base and to place the Java Heap above 32GB virtual address.
# This output file may be truncated or incomplete.
#
#  Out of Memory Error (workerManager.hpp:87), pid=6609, tid=6622
#
# JRE version:  (17.0.8+7) (build )
# Java VM: OpenJDK 64-Bit Server VM (17.0.8+7, mixed mode, sharing, tiered, compressed oops, compressed class ptrs, g1 gc, linux-amd64)
# No core dump will be written. Core dumps have been disabled. To enable core dumping, try "ulimit -c unlimited" before starting Java again
#

---------------  S U M M A R Y ------------

Command Line: -Xmx3489m -Dorg.gradle.appname=basename org.gradle.wrapper.GradleWrapperMain

Host: AMD EPYC 7B13, 16 cores, 62G, Ubuntu 22.04.3 LTS
Time: Thu Dec 28 05:02:36 2023 UTC elapsed time: 0.003450 seconds (0d 0h 0m 0s)

---------------  T H R E A D  ---------------

Current thread (0x00007fee2c0253f0):  JavaThread "Unknown thread" [_thread_in_vm, id=6622, stack(0x00007fee32094000,0x00007fee32194000)]

Stack: [0x00007fee32094000,0x00007fee32194000],  sp=0x00007fee32192530,  free space=1017k
Native frames: (J=compiled Java code, j=interpreted, Vv=VM code, C=native code)
V  [libjvm.so+0xee4991]  VMError::report_and_die(int, char const*, char const*, __va_list_tag*, Thread*, unsigned char*, void*, void*, char const*, int, unsigned long)+0x1a1
V  [libjvm.so+0xee555d]  VMError::report_and_die(Thread*, char const*, int, unsigned long, VMErrorType, char const*, __va_list_tag*)+0x2d
V  [libjvm.so+0x60a69c]  report_vm_out_of_memory(char const*, int, unsigned long, VMErrorType, char const*, ...)+0xdc
V  [libjvm.so+0xf1836f]  WorkerManager::add_workers(WorkGang*, unsigned int, unsigned int, unsigned int, os::ThreadType, bool)+0x18f
V  [libjvm.so+0xf1850a]  WorkGang::initialize_workers()+0x4a
V  [libjvm.so+0x7023c3]  G1ConcurrentMark::G1ConcurrentMark(G1CollectedHeap*, G1RegionToSpaceMapper*, G1RegionToSpaceMapper*)+0x553
V  [libjvm.so+0x6f0f2c]  G1CollectedHeap::initialize()+0x70c
V  [libjvm.so+0xe93592]  universe_init()+0xd2
V  [libjvm.so+0x7fd387]  init_globals()+0x37
V  [libjvm.so+0xe6a9d7]  Threads::create_vm(JavaVMInitArgs*, bool*)+0x387
V  [libjvm.so+0x8bbe82]  JNI_CreateJavaVM+0x52
C  [libjli.so+0x4a0f]  JavaMain+0x8f
C  [libjli.so+0x8d09]  ThreadJavaMain+0x9


---------------  P R O C E S S  ---------------

Threads class SMR info:
_java_thread_list=0x00007fee335bfa80, length=0, elements={
}

Java Threads: ( => current thread )

Other Threads:
  0x00007fee2c087ec0 GCTaskThread "GC Thread#0" [stack: 0x00007fee30213000,0x00007fee30313000] [id=6623]

[error occurred during error reporting (printing all threads), id 0xb, SIGSEGV (0xb) at pc=0x00007fee3297d710]

VM state: not at safepoint (not fully initialized)

VM Mutex/Monitor currently owned by a thread:  ([mutex/lock_event])
[0x00007fee2c022d40] Heap_lock - owner thread: 0x00007fee2c0253f0

Heap address: 0x0000000725e00000, size: 3490 MB, Compressed Oops mode: Zero based, Oop shift amount: 3

CDS archive(s) mapped at: [0x0000000000000000-0x0000000000000000-0x0000000000000000), size 0, SharedBaseAddress: 0x0000000800000000, ArchiveRelocationMode: 1.
Narrow klass base: 0x0000000000000000, Narrow klass shift: 0, Narrow klass range: 0x0

GC Precious Log:
<Empty>

Heap:
 garbage-first heap   total 0K, used 0K [0x0000000725e00000, 0x0000000800000000)
  region size 2048K, 0 young (0K), 0 survivors (0K)

[error occurred during error reporting (printing heap information), id 0xb, SIGSEGV (0xb) at pc=0x00007fee32f41a1a]

GC Heap History (0 events):
No events

Dll operation events (1 events):
Event: 0.001 Loaded shared library /home/gitpod/.sdkman/candidates/java/17.0.8-tem/lib/libjava.so

Deoptimization events (0 events):
No events

Classes unloaded (0 events):
No events

Classes redefined (0 events):
No events

Internal exceptions (0 events):
No events

VM Operations (0 events):
No events

Events (1 events):
Event: 0.001 Protecting memory [0x00007fee32094000,0x00007fee32098000] with protection modes 0


Dynamic libraries:
725e00000-800000000 ---p 00000000 00:00 0 
55c0c64a2000-55c0c64a3000 r--p 00000000 fd:00 640880531                  /run/containerd/io.containerd.runtime.v2.task/k8s.io/ab91de900a21fbb0b33bcc16b571f450cf38e8f3d8079a7fb93a2813663a25ff/rootfs/home/gitpod/.sdkman/candidates/java/17.0.8-tem/bin/java
55c0c64a3000-55c0c64a4000 r-xp 00001000 fd:00 640880531                  /run/containerd/io.containerd.runtime.v2.task/k8s.io/ab91de900a21fbb0b33bcc16b571f450cf38e8f3d8079a7fb93a2813663a25ff/rootfs/home/gitpod/.sdkman/candidates/java/17.0.8-tem/bin/java
55c0c64a4000-55c0c64a5000 r--p 00002000 fd:00 640880531                  /run/containerd/io.containerd.runtime.v2.task/k8s.io/ab91de900a21fbb0b33bcc16b571f450cf38e8f3d8079a7fb93a2813663a25ff/rootfs/home/gitpod/.sdkman/candidates/java/17.0.8-tem/bin/java
55c0c64a5000-55c0c64a6000 r--p 00002000 fd:00 640880531                  /run/containerd/io.containerd.runtime.v2.task/k8s.io/ab91de900a21fbb0b33bcc16b571f450cf38e8f3d8079a7fb93a2813663a25ff/rootfs/home/gitpod/.sdkman/candidates/java/17.0.8-tem/bin/java
55c0c64a6000-55c0c64a7000 rw-p 00003000 fd:00 640880531                  /run/containerd/io.containerd.runtime.v2.task/k8s.io/ab91de900a21fbb0b33bcc16b571f450cf38e8f3d8079a7fb93a2813663a25ff/rootfs/home/gitpod/.sdkman/candidates/java/17.0.8-tem/bin/java
55c0c7e43000-55c0c7e8b000 rw-p 00000000 00:00 0                          [heap]
7fee08000000-7fee08021000 rw-p 00000000 00:00 0 
7fee08021000-7fee0c000000 ---p 00000000 00:00 0 
7fee0dc93000-7fee0e081000 rw-p 00000000 00:00 0 
7fee0e081000-7fee15462000 ---p 00000000 00:00 0 
7fee15462000-7fee156d2000 rwxp 00000000 00:00 0 
7fee156d2000-7fee1c8c1000 ---p 00000000 00:00 0 
7fee1c8c1000-7fee1cb31000 rwxp 00000000 00:00 0 
7fee1cb31000-7fee1d002000 ---p 00000000 00:00 0 
7fee1d002000-7fee1d272000 rwxp 00000000 00:00 0 
7fee1d272000-7fee24462000 ---p 00000000 00:00 0 
7fee24462000-7fee2c000000 r--s 00000000 fd:00 1327477738                 /run/containerd/io.containerd.runtime.v2.task/k8s.io/ab91de900a21fbb0b33bcc16b571f450cf38e8f3d8079a7fb93a2813663a25ff/rootfs/home/gitpod/.sdkman/candidates/java/17.0.8-tem/lib/modules
7fee2c000000-7fee2c0a4000 rw-p 00000000 00:00 0 
7fee2c0a4000-7fee30000000 ---p 00000000 00:00 0 
7fee3010f000-7fee30110000 ---p 00000000 00:00 0 
7fee30110000-7fee30211000 rw-p 00000000 00:00 0 
7fee30211000-7fee30212000 ---p 00000000 00:00 0 
7fee30212000-7fee303bb000 rw-p 00000000 00:00 0 
7fee303bb000-7fee3115d000 ---p 00000000 00:00 0 
7fee3115d000-7fee31e6f000 rw-p 00000000 00:00 0 
7fee31e6f000-7fee31f53000 ---p 00000000 00:00 0 
7fee31f53000-7fee31f58000 rw-p 00000000 00:00 0 
7fee31f58000-7fee3203c000 ---p 00000000 00:00 0 
7fee3203c000-7fee32041000 rw-p 00000000 00:00 0 
7fee32041000-7fee3204b000 ---p 00000000 00:00 0 
7fee3204b000-7fee32058000 r--p 00000000 fd:00 1327477714                 /run/containerd/io.containerd.runtime.v2.task/k8s.io/ab91de900a21fbb0b33bcc16b571f450cf38e8f3d8079a7fb93a2813663a25ff/rootfs/home/gitpod/.sdkman/candidates/java/17.0.8-tem/lib/libjava.so
7fee32058000-7fee3206a000 r-xp 0000d000 fd:00 1327477714                 /run/containerd/io.containerd.runtime.v2.task/k8s.io/ab91de900a21fbb0b33bcc16b571f450cf38e8f3d8079a7fb93a2813663a25ff/rootfs/home/gitpod/.sdkman/candidates/java/17.0.8-tem/lib/libjava.so
7fee3206a000-7fee32070000 r--p 0001f000 fd:00 1327477714                 /run/containerd/io.containerd.runtime.v2.task/k8s.io/ab91de900a21fbb0b33bcc16b571f450cf38e8f3d8079a7fb93a2813663a25ff/rootfs/home/gitpod/.sdkman/candidates/java/17.0.8-tem/lib/libjava.so
7fee32070000-7fee32071000 ---p 00025000 fd:00 1327477714                 /run/containerd/io.containerd.runtime.v2.task/k8s.io/ab91de900a21fbb0b33bcc16b571f450cf38e8f3d8079a7fb93a2813663a25ff/rootfs/home/gitpod/.sdkman/candidates/java/17.0.8-tem/lib/libjava.so
7fee32071000-7fee32072000 r--p 00025000 fd:00 1327477714                 /run/containerd/io.containerd.runtime.v2.task/k8s.io/ab91de900a21fbb0b33bcc16b571f450cf38e8f3d8079a7fb93a2813663a25ff/rootfs/home/gitpod/.sdkman/candidates/java/17.0.8-tem/lib/libjava.so
7fee32072000-7fee32073000 rw-p 00026000 fd:00 1327477714                 /run/containerd/io.containerd.runtime.v2.task/k8s.io/ab91de900a21fbb0b33bcc16b571f450cf38e8f3d8079a7fb93a2813663a25ff/rootfs/home/gitpod/.sdkman/candidates/java/17.0.8-tem/lib/libjava.so
7fee32073000-7fee32074000 rw-p 00000000 00:00 0 
7fee32074000-7fee32078000 r--p 00000000 fd:00 1327477718                 /run/containerd/io.containerd.runtime.v2.task/k8s.io/ab91de900a21fbb0b33bcc16b571f450cf38e8f3d8079a7fb93a2813663a25ff/rootfs/home/gitpod/.sdkman/candidates/java/17.0.8-tem/lib/libjimage.so
7fee32078000-7fee3208b000 r-xp 00004000 fd:00 1327477718                 /run/containerd/io.containerd.runtime.v2.task/k8s.io/ab91de900a21fbb0b33bcc16b571f450cf38e8f3d8079a7fb93a2813663a25ff/rootfs/home/gitpod/.sdkman/candidates/java/17.0.8-tem/lib/libjimage.so
7fee3208b000-7fee32091000 r--p 00017000 fd:00 1327477718                 /run/containerd/io.containerd.runtime.v2.task/k8s.io/ab91de900a21fbb0b33bcc16b571f450cf38e8f3d8079a7fb93a2813663a25ff/rootfs/home/gitpod/.sdkman/candidates/java/17.0.8-tem/lib/libjimage.so
7fee32091000-7fee32093000 r--p 0001c000 fd:00 1327477718                 /run/containerd/io.containerd.runtime.v2.task/k8s.io/ab91de900a21fbb0b33bcc16b571f450cf38e8f3d8079a7fb93a2813663a25ff/rootfs/home/gitpod/.sdkman/candidates/java/17.0.8-tem/lib/libjimage.so
7fee32093000-7fee32094000 rw-p 0001e000 fd:00 1327477718                 /run/containerd/io.containerd.runtime.v2.task/k8s.io/ab91de900a21fbb0b33bcc16b571f450cf38e8f3d8079a7fb93a2813663a25ff/rootfs/home/gitpod/.sdkman/candidates/java/17.0.8-tem/lib/libjimage.so
7fee32094000-7fee32098000 ---p 00000000 00:00 0 
7fee32098000-7fee32194000 rw-p 00000000 00:00 0 
7fee32194000-7fee321a2000 r--p 00000000 fd:00 2996948797                 /run/containerd/io.containerd.runtime.v2.task/k8s.io/ab91de900a21fbb0b33bcc16b571f450cf38e8f3d8079a7fb93a2813663a25ff/rootfs/usr/lib/x86_64-linux-gnu/libm.so.6
7fee321a2000-7fee3221e000 r-xp 0000e000 fd:00 2996948797                 /run/containerd/io.containerd.runtime.v2.task/k8s.io/ab91de900a21fbb0b33bcc16b571f450cf38e8f3d8079a7fb93a2813663a25ff/rootfs/usr/lib/x86_64-linux-gnu/libm.so.6
7fee3221e000-7fee32279000 r--p 0008a000 fd:00 2996948797                 /run/containerd/io.containerd.runtime.v2.task/k8s.io/ab91de900a21fbb0b33bcc16b571f450cf38e8f3d8079a7fb93a2813663a25ff/rootfs/usr/lib/x86_64-linux-gnu/libm.so.6
7fee32279000-7fee3227a000 r--p 000e4000 fd:00 2996948797                 /run/containerd/io.containerd.runtime.v2.task/k8s.io/ab91de900a21fbb0b33bcc16b571f450cf38e8f3d8079a7fb93a2813663a25ff/rootfs/usr/lib/x86_64-linux-gnu/libm.so.6
7fee3227a000-7fee3227b000 rw-p 000e5000 fd:00 2996948797                 /run/containerd/io.containerd.runtime.v2.task/k8s.io/ab91de900a21fbb0b33bcc16b571f450cf38e8f3d8079a7fb93a2813663a25ff/rootfs/usr/lib/x86_64-linux-gnu/libm.so.6
7fee3227b000-7fee3227c000 r--p 00000000 fd:00 2996678092                 /run/containerd/io.containerd.runtime.v2.task/k8s.io/ab91de900a21fbb0b33bcc16b571f450cf38e8f3d8079a7fb93a2813663a25ff/rootfs/usr/lib/x86_64-linux-gnu/librt.so.1
7fee3227c000-7fee3227d000 r-xp 00001000 fd:00 2996678092                 /run/containerd/io.containerd.runtime.v2.task/k8s.io/ab91de900a21fbb0b33bcc16b571f450cf38e8f3d8079a7fb93a2813663a25ff/rootfs/usr/lib/x86_64-linux-gnu/librt.so.1
7fee3227d000-7fee3227e000 r--p 00002000 fd:00 2996678092                 /run/containerd/io.containerd.runtime.v2.task/k8s.io/ab91de900a21fbb0b33bcc16b571f450cf38e8f3d8079a7fb93a2813663a25ff/rootfs/usr/lib/x86_64-linux-gnu/librt.so.1
7fee3227e000-7fee3227f000 r--p 00002000 fd:00 2996678092                 /run/containerd/io.containerd.runtime.v2.task/k8s.io/ab91de900a21fbb0b33bcc16b571f450cf38e8f3d8079a7fb93a2813663a25ff/rootfs/usr/lib/x86_64-linux-gnu/librt.so.1
7fee3227f000-7fee32280000 rw-p 00003000 fd:00 2996678092                 /run/containerd/io.containerd.runtime.v2.task/k8s.io/ab91de900a21fbb0b33bcc16b571f450cf38e8f3d8079a7fb93a2813663a25ff/rootfs/usr/lib/x86_64-linux-gnu/librt.so.1
7fee32280000-7fee324d3000 r--p 00000000 fd:00 1355511537                 /run/containerd/io.containerd.runtime.v2.task/k8s.io/ab91de900a21fbb0b33bcc16b571f450cf38e8f3d8079a7fb93a2813663a25ff/rootfs/home/gitpod/.sdkman/candidates/java/17.0.8-tem/lib/server/libjvm.so
7fee324d3000-7fee331f5000 r-xp 00253000 fd:00 1355511537                 /run/containerd/io.containerd.runtime.v2.task/k8s.io/ab91de900a21fbb0b33bcc16b571f450cf38e8f3d8079a7fb93a2813663a25ff/rootfs/home/gitpod/.sdkman/candidates/java/17.0.8-tem/lib/server/libjvm.so
7fee331f5000-7fee33482000 r--p 00f75000 fd:00 1355511537                 /run/containerd/io.containerd.runtime.v2.task/k8s.io/ab91de900a21fbb0b33bcc16b571f450cf38e8f3d8079a7fb93a2813663a25ff/rootfs/home/gitpod/.sdkman/candidates/java/17.0.8-tem/lib/server/libjvm.so
7fee33482000-7fee3353b000 r--p 01201000 fd:00 1355511537                 /run/containerd/io.containerd.runtime.v2.task/k8s.io/ab91de900a21fbb0b33bcc16b571f450cf38e8f3d8079a7fb93a2813663a25ff/rootfs/home/gitpod/.sdkman/candidates/java/17.0.8-tem/lib/server/libjvm.so
7fee3353b000-7fee33570000 rw-p 012ba000 fd:00 1355511537                 /run/containerd/io.containerd.runtime.v2.task/k8s.io/ab91de900a21fbb0b33bcc16b571f450cf38e8f3d8079a7fb93a2813663a25ff/rootfs/home/gitpod/.sdkman/candidates/java/17.0.8-tem/lib/server/libjvm.so
7fee33570000-7fee335ce000 rw-p 00000000 00:00 0 
7fee335ce000-7fee335f6000 r--p 00000000 fd:00 2996935652                 /run/containerd/io.containerd.runtime.v2.task/k8s.io/ab91de900a21fbb0b33bcc16b571f450cf38e8f3d8079a7fb93a2813663a25ff/rootfs/usr/lib/x86_64-linux-gnu/libc.so.6
7fee335f6000-7fee3378b000 r-xp 00028000 fd:00 2996935652                 /run/containerd/io.containerd.runtime.v2.task/k8s.io/ab91de900a21fbb0b33bcc16b571f450cf38e8f3d8079a7fb93a2813663a25ff/rootfs/usr/lib/x86_64-linux-gnu/libc.so.6
7fee3378b000-7fee337e3000 r--p 001bd000 fd:00 2996935652                 /run/containerd/io.containerd.runtime.v2.task/k8s.io/ab91de900a21fbb0b33bcc16b571f450cf38e8f3d8079a7fb93a2813663a25ff/rootfs/usr/lib/x86_64-linux-gnu/libc.so.6
7fee337e3000-7fee337e7000 r--p 00214000 fd:00 2996935652                 /run/containerd/io.containerd.runtime.v2.task/k8s.io/ab91de900a21fbb0b33bcc16b571f450cf38e8f3d8079a7fb93a2813663a25ff/rootfs/usr/lib/x86_64-linux-gnu/libc.so.6
7fee337e7000-7fee337e9000 rw-p 00218000 fd:00 2996935652                 /run/containerd/io.containerd.runtime.v2.task/k8s.io/ab91de900a21fbb0b33bcc16b571f450cf38e8f3d8079a7fb93a2813663a25ff/rootfs/usr/lib/x86_64-linux-gnu/libc.so.6
7fee337e9000-7fee337f6000 rw-p 00000000 00:00 0 
7fee337f6000-7fee337f7000 r--p 00000000 fd:00 2996935666                 /run/containerd/io.containerd.runtime.v2.task/k8s.io/ab91de900a21fbb0b33bcc16b571f450cf38e8f3d8079a7fb93a2813663a25ff/rootfs/usr/lib/x86_64-linux-gnu/libdl.so.2
7fee337f7000-7fee337f8000 r-xp 00001000 fd:00 2996935666                 /run/containerd/io.containerd.runtime.v2.task/k8s.io/ab91de900a21fbb0b33bcc16b571f450cf38e8f3d8079a7fb93a2813663a25ff/rootfs/usr/lib/x86_64-linux-gnu/libdl.so.2
7fee337f8000-7fee337f9000 r--p 00002000 fd:00 2996935666                 /run/containerd/io.containerd.runtime.v2.task/k8s.io/ab91de900a21fbb0b33bcc16b571f450cf38e8f3d8079a7fb93a2813663a25ff/rootfs/usr/lib/x86_64-linux-gnu/libdl.so.2
7fee337f9000-7fee337fa000 r--p 00002000 fd:00 2996935666                 /run/containerd/io.containerd.runtime.v2.task/k8s.io/ab91de900a21fbb0b33bcc16b571f450cf38e8f3d8079a7fb93a2813663a25ff/rootfs/usr/lib/x86_64-linux-gnu/libdl.so.2
7fee337fa000-7fee337fb000 rw-p 00003000 fd:00 2996935666                 /run/containerd/io.containerd.runtime.v2.task/k8s.io/ab91de900a21fbb0b33bcc16b571f450cf38e8f3d8079a7fb93a2813663a25ff/rootfs/usr/lib/x86_64-linux-gnu/libdl.so.2
7fee337fb000-7fee337fc000 r--p 00000000 fd:00 2996678090                 /run/containerd/io.containerd.runtime.v2.task/k8s.io/ab91de900a21fbb0b33bcc16b571f450cf38e8f3d8079a7fb93a2813663a25ff/rootfs/usr/lib/x86_64-linux-gnu/libpthread.so.0
7fee337fc000-7fee337fd000 r-xp 00001000 fd:00 2996678090                 /run/containerd/io.containerd.runtime.v2.task/k8s.io/ab91de900a21fbb0b33bcc16b571f450cf38e8f3d8079a7fb93a2813663a25ff/rootfs/usr/lib/x86_64-linux-gnu/libpthread.so.0
7fee337fd000-7fee337fe000 r--p 00002000 fd:00 2996678090                 /run/containerd/io.containerd.runtime.v2.task/k8s.io/ab91de900a21fbb0b33bcc16b571f450cf38e8f3d8079a7fb93a2813663a25ff/rootfs/usr/lib/x86_64-linux-gnu/libpthread.so.0
7fee337fe000-7fee337ff000 r--p 00002000 fd:00 2996678090                 /run/containerd/io.containerd.runtime.v2.task/k8s.io/ab91de900a21fbb0b33bcc16b571f450cf38e8f3d8079a7fb93a2813663a25ff/rootfs/usr/lib/x86_64-linux-gnu/libpthread.so.0
7fee337ff000-7fee33800000 rw-p 00003000 fd:00 2996678090                 /run/containerd/io.containerd.runtime.v2.task/k8s.io/ab91de900a21fbb0b33bcc16b571f450cf38e8f3d8079a7fb93a2813663a25ff/rootfs/usr/lib/x86_64-linux-gnu/libpthread.so.0
7fee33800000-7fee33803000 r--p 00000000 fd:00 1327477719                 /run/containerd/io.containerd.runtime.v2.task/k8s.io/ab91de900a21fbb0b33bcc16b571f450cf38e8f3d8079a7fb93a2813663a25ff/rootfs/home/gitpod/.sdkman/candidates/java/17.0.8-tem/lib/libjli.so
7fee33803000-7fee3380d000 r-xp 00003000 fd:00 1327477719                 /run/containerd/io.containerd.runtime.v2.task/k8s.io/ab91de900a21fbb0b33bcc16b571f450cf38e8f3d8079a7fb93a2813663a25ff/rootfs/home/gitpod/.sdkman/candidates/java/17.0.8-tem/lib/libjli.so
7fee3380d000-7fee33810000 r--p 0000d000 fd:00 1327477719                 /run/containerd/io.containerd.runtime.v2.task/k8s.io/ab91de900a21fbb0b33bcc16b571f450cf38e8f3d8079a7fb93a2813663a25ff/rootfs/home/gitpod/.sdkman/candidates/java/17.0.8-tem/lib/libjli.so
7fee33810000-7fee33811000 ---p 00010000 fd:00 1327477719                 /run/containerd/io.containerd.runtime.v2.task/k8s.io/ab91de900a21fbb0b33bcc16b571f450cf38e8f3d8079a7fb93a2813663a25ff/rootfs/home/gitpod/.sdkman/candidates/java/17.0.8-tem/lib/libjli.so
7fee33811000-7fee33812000 r--p 00010000 fd:00 1327477719                 /run/containerd/io.containerd.runtime.v2.task/k8s.io/ab91de900a21fbb0b33bcc16b571f450cf38e8f3d8079a7fb93a2813663a25ff/rootfs/home/gitpod/.sdkman/candidates/java/17.0.8-tem/lib/libjli.so
7fee33812000-7fee33813000 rw-p 00011000 fd:00 1327477719                 /run/containerd/io.containerd.runtime.v2.task/k8s.io/ab91de900a21fbb0b33bcc16b571f450cf38e8f3d8079a7fb93a2813663a25ff/rootfs/home/gitpod/.sdkman/candidates/java/17.0.8-tem/lib/libjli.so
7fee33813000-7fee33815000 r--p 00000000 fd:00 2996673947                 /run/containerd/io.containerd.runtime.v2.task/k8s.io/ab91de900a21fbb0b33bcc16b571f450cf38e8f3d8079a7fb93a2813663a25ff/rootfs/usr/lib/x86_64-linux-gnu/libz.so.1.2.11
7fee33815000-7fee33826000 r-xp 00002000 fd:00 2996673947                 /run/containerd/io.containerd.runtime.v2.task/k8s.io/ab91de900a21fbb0b33bcc16b571f450cf38e8f3d8079a7fb93a2813663a25ff/rootfs/usr/lib/x86_64-linux-gnu/libz.so.1.2.11
7fee33826000-7fee3382c000 r--p 00013000 fd:00 2996673947                 /run/containerd/io.containerd.runtime.v2.task/k8s.io/ab91de900a21fbb0b33bcc16b571f450cf38e8f3d8079a7fb93a2813663a25ff/rootfs/usr/lib/x86_64-linux-gnu/libz.so.1.2.11
7fee3382c000-7fee3382d000 ---p 00019000 fd:00 2996673947                 /run/containerd/io.containerd.runtime.v2.task/k8s.io/ab91de900a21fbb0b33bcc16b571f450cf38e8f3d8079a7fb93a2813663a25ff/rootfs/usr/lib/x86_64-linux-gnu/libz.so.1.2.11
7fee3382d000-7fee3382e000 r--p 00019000 fd:00 2996673947                 /run/containerd/io.containerd.runtime.v2.task/k8s.io/ab91de900a21fbb0b33bcc16b571f450cf38e8f3d8079a7fb93a2813663a25ff/rootfs/usr/lib/x86_64-linux-gnu/libz.so.1.2.11
7fee3382e000-7fee3382f000 rw-p 0001a000 fd:00 2996673947                 /run/containerd/io.containerd.runtime.v2.task/k8s.io/ab91de900a21fbb0b33bcc16b571f450cf38e8f3d8079a7fb93a2813663a25ff/rootfs/usr/lib/x86_64-linux-gnu/libz.so.1.2.11
7fee3382f000-7fee33837000 rw-s 00000000 00:1ab 9                         /tmp/hsperfdata_gitpod/6609 (deleted)
7fee33837000-7fee33838000 ---p 00000000 00:00 0 
7fee33838000-7fee33839000 r--p 00000000 00:00 0 
7fee33839000-7fee3383b000 rw-p 00000000 00:00 0 
7fee3383b000-7fee3383d000 r--p 00000000 fd:00 2996935634                 /run/containerd/io.containerd.runtime.v2.task/k8s.io/ab91de900a21fbb0b33bcc16b571f450cf38e8f3d8079a7fb93a2813663a25ff/rootfs/usr/lib/x86_64-linux-gnu/ld-linux-x86-64.so.2
7fee3383d000-7fee33867000 r-xp 00002000 fd:00 2996935634                 /run/containerd/io.containerd.runtime.v2.task/k8s.io/ab91de900a21fbb0b33bcc16b571f450cf38e8f3d8079a7fb93a2813663a25ff/rootfs/usr/lib/x86_64-linux-gnu/ld-linux-x86-64.so.2
7fee33867000-7fee33872000 r--p 0002c000 fd:00 2996935634                 /run/containerd/io.containerd.runtime.v2.task/k8s.io/ab91de900a21fbb0b33bcc16b571f450cf38e8f3d8079a7fb93a2813663a25ff/rootfs/usr/lib/x86_64-linux-gnu/ld-linux-x86-64.so.2
7fee33872000-7fee33873000 ---p 00000000 00:00 0 
7fee33873000-7fee33875000 r--p 00037000 fd:00 2996935634                 /run/containerd/io.containerd.runtime.v2.task/k8s.io/ab91de900a21fbb0b33bcc16b571f450cf38e8f3d8079a7fb93a2813663a25ff/rootfs/usr/lib/x86_64-linux-gnu/ld-linux-x86-64.so.2
7fee33875000-7fee33877000 rw-p 00039000 fd:00 2996935634                 /run/containerd/io.containerd.runtime.v2.task/k8s.io/ab91de900a21fbb0b33bcc16b571f450cf38e8f3d8079a7fb93a2813663a25ff/rootfs/usr/lib/x86_64-linux-gnu/ld-linux-x86-64.so.2
7ffd61484000-7ffd614a6000 rw-p 00000000 00:00 0                          [stack]
7ffd61512000-7ffd61516000 r--p 00000000 00:00 0                          [vvar]
7ffd61516000-7ffd61518000 r-xp 00000000 00:00 0                          [vdso]
ffffffffff600000-ffffffffff601000 --xp 00000000 00:00 0                  [vsyscall]


VM Arguments:
jvm_args: -Xmx3489m -Dorg.gradle.appname=basename 
java_command: org.gradle.wrapper.GradleWrapperMain
java_class_path (initial): pwd -P/gradle/wrapper/gradle-wrapper.jar
Launcher Type: SUN_STANDARD

[Global flags]
     intx CICompilerCount                          = 12                                        {product} {ergonomic}
     uint ConcGCThreads                            = 3                                         {product} {ergonomic}
     uint G1ConcRefinementThreads                  = 13                                        {product} {ergonomic}
   size_t G1HeapRegionSize                         = 2097152                                   {product} {ergonomic}
    uintx GCDrainStackTargetSize                   = 64                                        {product} {ergonomic}
   size_t InitialHeapSize                          = 1054867456                                {product} {ergonomic}
   size_t MarkStackSize                            = 4194304                                   {product} {ergonomic}
   size_t MaxHeapSize                              = 3659530240                                {product} {command line, ergonomic}
   size_t MinHeapDeltaBytes                        = 2097152                                   {product} {ergonomic}
   size_t MinHeapSize                              = 8388608                                   {product} {ergonomic}
    uintx NonNMethodCodeHeapSize                   = 7602480                                {pd product} {ergonomic}
    uintx NonProfiledCodeHeapSize                  = 122027880                              {pd product} {ergonomic}
    uintx ProfiledCodeHeapSize                     = 122027880                              {pd product} {ergonomic}
    uintx ReservedCodeCacheSize                    = 251658240                              {pd product} {ergonomic}
     bool SegmentedCodeCache                       = true                                      {product} {ergonomic}
   size_t SoftMaxHeapSize                          = 3659530240                             {manageable} {ergonomic}
     bool UseCompressedClassPointers               = true                           {product lp64_product} {ergonomic}
     bool UseCompressedOops                        = true                           {product lp64_product} {ergonomic}
     bool UseG1GC                                  = true                                      {product} {ergonomic}

Logging:
Log output configuration:
 #0: stdout all=warning uptime,level,tags
 #1: stderr all=off uptime,level,tags

Environment Variables:
JAVA_HOME=/home/gitpod/.sdkman/candidates/java/current
JAVA_TOOL_OPTIONS= -Xmx3489m
PATH=/home/gitpod/.sdkman/candidates/maven/current/bin:/home/gitpod/.sdkman/candidates/java/current/bin:/home/gitpod/.sdkman/candidates/gradle/current/bin:/workspace/.cargo/bin:/home/gitpod/.rvm/gems/ruby-3.2.2/bin:/home/gitpod/.rvm/gems/ruby-3.2.2@global/bin:/home/gitpod/.rvm/rubies/ruby-3.2.2/bin:/home/gitpod/.pyenv/shims:/workspace/go/bin:/home/gitpod/.nix-profile/bin:/ide/bin/remote-cli:/home/gitpod/go/bin:/home/gitpod/go-packages/bin:/home/gitpod/.nvm/versions/node/v20.10.0/bin:/home/gitpod/.yarn/bin:/home/gitpod/.pnpm:/home/gitpod/.pyenv/bin:/home/gitpod/.rvm/bin:/home/gitpod/.cargo/bin:/home/linuxbrew/.linuxbrew/bin:/home/linuxbrew/.linuxbrew/sbin/:/home/gitpod/.local/bin:/usr/games:/usr/local/sbin:/usr/local/bin:/usr/sbin:/usr/bin:/sbin:/bin:/home/gitpod/.nvm/versions/node/v20.10.0/bin:/home/gitpod/.rvm/bin
LANG=en_US.UTF-8
TERM=xterm-256color

Active Locale:
LC_ALL=C
LC_COLLATE=C
LC_CTYPE=C
LC_MESSAGES=C
LC_MONETARY=C
LC_NUMERIC=C
LC_TIME=C

Signal Handlers:
   SIGSEGV: crash_handler in libjvm.so, mask=11100100010111111101111111111110, flags=SA_RESTART|SA_SIGINFO, unblocked
    SIGBUS: crash_handler in libjvm.so, mask=11100100010111111101111111111110, flags=SA_RESTART|SA_SIGINFO, unblocked
    SIGFPE: crash_handler in libjvm.so, mask=11100100010111111101111111111110, flags=SA_RESTART|SA_SIGINFO, unblocked
   SIGPIPE: javaSignalHandler in libjvm.so, mask=11100100010111111101111111111110, flags=SA_RESTART|SA_SIGINFO, blocked
   SIGXFSZ: javaSignalHandler in libjvm.so, mask=11100100010111111101111111111110, flags=SA_RESTART|SA_SIGINFO, blocked
    SIGILL: crash_handler in libjvm.so, mask=11100100010111111101111111111110, flags=SA_RESTART|SA_SIGINFO, unblocked
   SIGUSR2: SR_handler in libjvm.so, mask=00000000000000000000000000000000, flags=SA_RESTART|SA_SIGINFO, blocked
    SIGHUP: SIG_DFL, mask=00000000000000000000000000000000, flags=none, blocked
    SIGINT: SIG_DFL, mask=00000000000000000000000000000000, flags=none, blocked
   SIGTERM: SIG_DFL, mask=00000000000000000000000000000000, flags=none, blocked
   SIGQUIT: UserHandler in libjvm.so, mask=11100100010111111101111111111110, flags=SA_RESTART|SA_SIGINFO, blocked
   SIGTRAP: crash_handler in libjvm.so, mask=11100100010111111101111111111110, flags=SA_RESTART|SA_SIGINFO, unblocked


---------------  S Y S T E M  ---------------

OS:
DISTRIB_ID=Ubuntu
DISTRIB_RELEASE=22.04
DISTRIB_CODENAME=jammy
DISTRIB_DESCRIPTION="Ubuntu 22.04.3 LTS"
uname: Linux 6.1.66-060166-generic #202312122204 SMP PREEMPT_DYNAMIC Tue Dec 12 22:43:56 UTC 2023 x86_64
OS uptime: 13 days 15:14 hours
libc: glibc 2.35 NPTL 2.35 
rlimit (soft/hard): STACK 8192k/infinity , CORE 0k/0k , NPROC infinity/infinity , NOFILE 1048576/1048576 , AS infinity/infinity , CPU infinity/infinity , DATA infinity/infinity , FSIZE infinity/infinity , MEMLOCK 8192k/8192k
load average: 5.46 5.18 4.31

/proc/meminfo:
MemTotal:       65841228 kB
MemFree:         2164412 kB
MemAvailable:   39528560 kB
Buffers:             204 kB
Cached:         34084080 kB
SwapCached:      2354548 kB
Active:         10700808 kB
Inactive:       42790568 kB
Active(anon):    2926704 kB
Inactive(anon): 16734844 kB
Active(file):    7774104 kB
Inactive(file): 26055724 kB
Unevictable:      105036 kB
Mlocked:          105036 kB
SwapTotal:      393215996 kB
SwapFree:       373755388 kB
Zswap:                 0 kB
Zswapped:              0 kB
Dirty:            168024 kB
Writeback:            32 kB
AnonPages:      18899716 kB
Mapped:          1909096 kB
Shmem:            249608 kB
KReclaimable:    4260592 kB
Slab:            7578716 kB
SReclaimable:    4260592 kB
SUnreclaim:      3318124 kB
KernelStack:      168520 kB
PageTables:       759224 kB
SecPageTables:         0 kB
NFS_Unstable:          0 kB
Bounce:                0 kB
WritebackTmp:          0 kB
CommitLimit:    426136608 kB
Committed_AS:   54223844 kB
VmallocTotal:   34359738367 kB
VmallocUsed:      351716 kB
VmallocChunk:          0 kB
Percpu:           225408 kB
HardwareCorrupted:     0 kB
AnonHugePages:      8192 kB
ShmemHugePages:        0 kB
ShmemPmdMapped:        0 kB
FileHugePages:         0 kB
FilePmdMapped:         0 kB
HugePages_Total:       0
HugePages_Free:        0
HugePages_Rsvd:        0
HugePages_Surp:        0
Hugepagesize:       2048 kB
Hugetlb:               0 kB
DirectMap4k:     1148852 kB
DirectMap2M:    54425600 kB
DirectMap1G:    13631488 kB

/sys/kernel/mm/transparent_hugepage/enabled: always [madvise] never
/sys/kernel/mm/transparent_hugepage/defrag (defrag/compaction efforts parameter): always defer defer+madvise [madvise] never

Process Memory:
Virtual Size: 4257064K (peak: 4317544K)
Resident Set Size: 18296K (peak: 18296K) (anon: 5988K, file: 12276K, shmem: 32K)
Swapped out: 0K
C-Heap outstanding allocations: 18205K, retained: 278K
glibc malloc tunables: (default)

/proc/sys/kernel/threads-max (system-wide limit on the number of threads): 513825
/proc/sys/vm/max_map_count (maximum number of memory map areas a process may have): 65530
/proc/sys/kernel/pid_max (system-wide limit on number of process identifiers): 4194304

container (cgroup) information:
container_type: cgroupv2
cpu_cpuset_cpus: not supported
cpu_memory_nodes: not supported
active_processor_count: 16
cpu_quota: no quota
cpu_period: 100000
cpu_shares: no shares
memory_limit_in_bytes: unlimited
memory_and_swap_limit_in_bytes: unlimited
memory_soft_limit_in_bytes: unlimited
memory_usage_in_bytes: 1853120 k
memory_max_usage_in_bytes: not supported
memory_swap_current_in_bytes: unlimited
memory_swap_max_limit_in_bytes: unlimited
maximum number of tasks: unlimited
current number of tasks: 6144

KVM virtualization detected
Steal ticks since vm start: 0
Steal ticks percentage since vm start:  0.000

CPU: total 16 (initial active 16) (16 cores per cpu, 2 threads per core) family 25 model 1 stepping 0 microcode 0xffffffff, cx8, cmov, fxsr, ht, mmx, 3dnowpref, sse, sse2, sse3, ssse3, sse4a, sse4.1, sse4.2, popcnt, lzcnt, tsc, tscinvbit, avx, avx2, aes, erms, clmul, bmi1, bmi2, adx, sha, fma, vzeroupper, clflush, clflushopt, hv
CPU Model and flags from /proc/cpuinfo:
model name	: AMD EPYC 7B13
flags		: fpu vme de pse tsc msr pae mce cx8 apic sep mtrr pge mca cmov pat pse36 clflush mmx fxsr sse sse2 ht syscall nx mmxext fxsr_opt pdpe1gb rdtscp lm constant_tsc rep_good nopl nonstop_tsc cpuid extd_apicid tsc_known_freq pni pclmulqdq ssse3 fma cx16 pcid sse4_1 sse4_2 movbe popcnt aes xsave avx f16c rdrand hypervisor lahf_lm cmp_legacy cr8_legacy abm sse4a misalignsse 3dnowprefetch osvw topoext invpcid_single ssbd ibrs ibpb stibp vmmcall fsgsbase tsc_adjust bmi1 avx2 smep bmi2 erms invpcid rdseed adx smap clflushopt clwb sha_ni xsaveopt xsavec xgetbv1 clzero xsaveerptr arat npt nrip_save umip vaes vpclmulqdq rdpid fsrm

Online cpus: 0-15
Offline cpus: 
BIOS frequency limitation: <Not Available>
Frequency switch latency (ns): <Not Available>
Available cpu frequencies: <Not Available>
Current governor: <Not Available>
Core performance/turbo boost: <Not Available>

Memory: 4k page, physical 65841228k(2164412k free), swap 393215996k(373755388k free)
Page Sizes: 4k

vm_info: OpenJDK 64-Bit Server VM (17.0.8+7) for linux-amd64 JRE (17.0.8+7), built on Jul 18 2023 00:00:00 by "admin" with gcc 10.3.0

END.
